<?xml version="1.0" encoding="UTF-8" ?>
<testsuite failures="0" time="0.071" errors="0" skipped="0" tests="1" name="org.aiotrade.platform.modules.dataserver.yahoo.YahooQuoteServerTest">
  <properties>
    <property name="java.runtime.name" value="Java(TM) SE Runtime Environment"/>
    <property name="sun.boot.library.path" value="/System/Library/Frameworks/JavaVM.framework/Versions/1.6.0/Libraries"/>
    <property name="java.vm.version" value="14.1-b02-92"/>
    <property name="awt.nativeDoubleBuffering" value="true"/>
    <property name="gopherProxySet" value="false"/>
    <property name="java.vm.vendor" value="Apple Inc."/>
    <property name="java.vendor.url" value="http://www.apple.com/"/>
    <property name="path.separator" value=":"/>
    <property name="java.vm.name" value="Java HotSpot(TM) 64-Bit Server VM"/>
    <property name="file.encoding.pkg" value="sun.io"/>
    <property name="user.country" value="US"/>
    <property name="sun.java.launcher" value="SUN_STANDARD"/>
    <property name="sun.os.patch.level" value="unknown"/>
    <property name="java.vm.specification.name" value="Java Virtual Machine Specification"/>
    <property name="user.dir" value="/Users/dcaoyuan/myprjs/aiotrade.hg/opensource/modules-mvn/p.m.dataserver.yahoo"/>
    <property name="java.runtime.version" value="1.6.0_15-b03-226"/>
    <property name="java.awt.graphicsenv" value="apple.awt.CGraphicsEnvironment"/>
    <property name="basedir" value="/Users/dcaoyuan/myprjs/aiotrade.hg/opensource/modules-mvn/p.m.dataserver.yahoo"/>
    <property name="java.endorsed.dirs" value="/System/Library/Frameworks/JavaVM.framework/Versions/1.6.0/Home/lib/endorsed"/>
    <property name="os.arch" value="x86_64"/>
    <property name="surefire.real.class.path" value="/var/folders/Mp/MpCoNxijFY8iK0TgKzAEEk+++TI/-Tmp-/surefirebooter4696769645815478555.jar"/>
    <property name="java.io.tmpdir" value="/var/folders/Mp/MpCoNxijFY8iK0TgKzAEEk+++TI/-Tmp-/"/>
    <property name="line.separator" value="
"/>
    <property name="java.vm.specification.vendor" value="Sun Microsystems Inc."/>
    <property name="os.name" value="Mac OS X"/>
    <property name="sun.jnu.encoding" value="MacRoman"/>
    <property name="java.library.path" value=".:/Library/Java/Extensions:/System/Library/Java/Extensions:/usr/lib/java"/>
    <property name="surefire.test.class.path" value="/Users/dcaoyuan/myprjs/aiotrade.hg/opensource/modules-mvn/p.m.dataserver.yahoo/target/test-classes:/Users/dcaoyuan/myprjs/aiotrade.hg/opensource/modules-mvn/p.m.dataserver.yahoo/target/classes:/Users/dcaoyuan/myprjs/aiotrade.hg/opensource/modules-mvn/lib.util/target/lib.util-1.0-SNAPSHOT.jar:/Users/dcaoyuan/.m2/repository/org/scala-lang/scala-library/2.8.0-SNAPSHOT/scala-library-2.8.0-SNAPSHOT.jar:/Users/dcaoyuan/myprjs/aiotrade.hg/opensource/modules-mvn/lib.math/target/lib.math-1.0-SNAPSHOT.jar:/Users/dcaoyuan/myprjs/aiotrade.hg/opensource/modules-mvn/lib.securities/target/lib.securities-1.0-SNAPSHOT.jar:/Users/dcaoyuan/myprjs/aiotrade.hg/opensource/modules-mvn/helper.test/target/helper.test-1.0-SNAPSHOT.jar:/Users/dcaoyuan/myprjs/aiotrade.hg/opensource/modules-mvn/lib.indicator/target/lib.indicator-1.0-SNAPSHOT.jar:/Users/dcaoyuan/myprjs/aiotrade.hg/opensource/modules-mvn/p.m.indicator.basic/target/p.m.indicator.basic-1.0-SNAPSHOT.jar:/Users/dcaoyuan/.m2/repository/junit/junit/4.4/junit-4.4.jar:/Users/dcaoyuan/.m2/repository/org/specs/specs/1.2.5/specs-1.2.5.jar:/Users/dcaoyuan/.m2/repository/org/scalatest/scalatest/0.9.1/scalatest-0.9.1.jar:/Users/dcaoyuan/.m2/repository/org/scalacheck/scalacheck/1.2/scalacheck-1.2.jar:/Users/dcaoyuan/.m2/repository/org/jmock/jmock/2.4.0/jmock-2.4.0.jar:/Users/dcaoyuan/.m2/repository/org/hamcrest/hamcrest-core/1.1/hamcrest-core-1.1.jar:/Users/dcaoyuan/.m2/repository/org/hamcrest/hamcrest-library/1.1/hamcrest-library-1.1.jar:"/>
    <property name="java.specification.name" value="Java Platform API Specification"/>
    <property name="java.class.version" value="50.0"/>
    <property name="sun.management.compiler" value="HotSpot 64-Bit Server Compiler"/>
    <property name="os.version" value="10.5.8"/>
    <property name="http.nonProxyHosts" value="local|*.local|169.254/16|*.169.254/16"/>
    <property name="user.home" value="/Users/dcaoyuan"/>
    <property name="user.timezone" value=""/>
    <property name="java.awt.printerjob" value="apple.awt.CPrinterJob"/>
    <property name="java.specification.version" value="1.6"/>
    <property name="file.encoding" value="MacRoman"/>
    <property name="user.name" value="dcaoyuan"/>
    <property name="java.class.path" value="/Users/dcaoyuan/myprjs/aiotrade.hg/opensource/modules-mvn/p.m.dataserver.yahoo/target/test-classes:/Users/dcaoyuan/myprjs/aiotrade.hg/opensource/modules-mvn/p.m.dataserver.yahoo/target/classes:/Users/dcaoyuan/myprjs/aiotrade.hg/opensource/modules-mvn/lib.util/target/lib.util-1.0-SNAPSHOT.jar:/Users/dcaoyuan/.m2/repository/org/scala-lang/scala-library/2.8.0-SNAPSHOT/scala-library-2.8.0-SNAPSHOT.jar:/Users/dcaoyuan/myprjs/aiotrade.hg/opensource/modules-mvn/lib.math/target/lib.math-1.0-SNAPSHOT.jar:/Users/dcaoyuan/myprjs/aiotrade.hg/opensource/modules-mvn/lib.securities/target/lib.securities-1.0-SNAPSHOT.jar:/Users/dcaoyuan/myprjs/aiotrade.hg/opensource/modules-mvn/helper.test/target/helper.test-1.0-SNAPSHOT.jar:/Users/dcaoyuan/myprjs/aiotrade.hg/opensource/modules-mvn/lib.indicator/target/lib.indicator-1.0-SNAPSHOT.jar:/Users/dcaoyuan/myprjs/aiotrade.hg/opensource/modules-mvn/p.m.indicator.basic/target/p.m.indicator.basic-1.0-SNAPSHOT.jar:/Users/dcaoyuan/.m2/repository/junit/junit/4.4/junit-4.4.jar:/Users/dcaoyuan/.m2/repository/org/specs/specs/1.2.5/specs-1.2.5.jar:/Users/dcaoyuan/.m2/repository/org/scalatest/scalatest/0.9.1/scalatest-0.9.1.jar:/Users/dcaoyuan/.m2/repository/org/scalacheck/scalacheck/1.2/scalacheck-1.2.jar:/Users/dcaoyuan/.m2/repository/org/jmock/jmock/2.4.0/jmock-2.4.0.jar:/Users/dcaoyuan/.m2/repository/org/hamcrest/hamcrest-core/1.1/hamcrest-core-1.1.jar:/Users/dcaoyuan/.m2/repository/org/hamcrest/hamcrest-library/1.1/hamcrest-library-1.1.jar:"/>
    <property name="java.vm.specification.version" value="1.0"/>
    <property name="sun.arch.data.model" value="64"/>
    <property name="java.home" value="/System/Library/Frameworks/JavaVM.framework/Versions/1.6.0/Home"/>
    <property name="java.specification.vendor" value="Sun Microsystems Inc."/>
    <property name="user.language" value="en"/>
    <property name="awt.toolkit" value="apple.awt.CToolkit"/>
    <property name="java.vm.info" value="mixed mode"/>
    <property name="java.version" value="1.6.0_15"/>
    <property name="java.ext.dirs" value="/Library/Java/Extensions:/System/Library/Java/Extensions:/System/Library/Frameworks/JavaVM.framework/Versions/1.6.0/Home/lib/ext"/>
    <property name="sun.boot.class.path" value="/System/Library/Frameworks/JavaVM.framework/Versions/1.6.0/Classes/jsfd.jar:/System/Library/Frameworks/JavaVM.framework/Versions/1.6.0/Classes/classes.jar:/System/Library/Frameworks/JavaVM.framework/Frameworks/JavaRuntimeSupport.framework/Resources/Java/JavaRuntimeSupport.jar:/System/Library/Frameworks/JavaVM.framework/Versions/1.6.0/Classes/ui.jar:/System/Library/Frameworks/JavaVM.framework/Versions/1.6.0/Classes/laf.jar:/System/Library/Frameworks/JavaVM.framework/Versions/1.6.0/Classes/sunrsasign.jar:/System/Library/Frameworks/JavaVM.framework/Versions/1.6.0/Classes/jsse.jar:/System/Library/Frameworks/JavaVM.framework/Versions/1.6.0/Classes/jce.jar:/System/Library/Frameworks/JavaVM.framework/Versions/1.6.0/Classes/charsets.jar"/>
    <property name="java.vendor" value="Apple Inc."/>
    <property name="localRepository" value="/Users/dcaoyuan/.m2/repository"/>
    <property name="file.separator" value="/"/>
    <property name="java.vendor.url.bug" value="http://bugreport.apple.com/"/>
    <property name="sun.cpu.endian" value="little"/>
    <property name="sun.io.unicode.encoding" value="UnicodeLittle"/>
    <property name="mrj.version" value="1050.1.6.0_15-226"/>
    <property name="socksNonProxyHosts" value="local|*.local|169.254/16|*.169.254/16"/>
    <property name="ftp.nonProxyHosts" value="local|*.local|169.254/16|*.169.254/16"/>
    <property name="sun.cpu.isalist" value=""/>
  </properties>
  <testcase time="0.018" classname="org.aiotrade.platform.modules.dataserver.yahoo.YahooQuoteServerTest" name="example"/>
</testsuite>